<?xml version="1.0" encoding="UTF-8"?>
<testsuite xmlns:xsi="http://www.w3.org/2001/XMLSchema-instance" xsi:noNamespaceSchemaLocation="https://maven.apache.org/surefire/maven-surefire-plugin/xsd/surefire-test-report.xsd" name="Scenario: Format of values" time="60.844" tests="35" errors="0" skipped="0" failures="0">
  <properties>
[...]
</properties>
  <testcase name="Given User navigates to weather forecast &quot;https://weather-acceptance.herokuapp.com/&quot;" classname="Scenario: Display weather report for a valid city" time="0.004"/>
  <testcase name="When Enter city &quot;Edinburgh&quot;" classname="Scenario: Display weather report for a valid city" time="0"/>
  <testcase name="And press Enter" classname="Scenario: Display weather report for a valid city" time="0"/>
  <testcase name="Then Weather report for &quot;5&quot; days should be displayed" classname="Scenario: Display weather report for a valid city" time="0"/>
  <testcase name="And Displayed dates are consecutive days" classname="Scenario: Display weather report for a valid city" time="0.001"/>
  <testcase name="And Starts from Today" classname="Scenario: Display weather report for a valid city" time="0"/>
  <testcase name="Scenario: Display weather report for a valid city" classname="Scenario: Display weather report for a valid city" time="0.014"/>
  <testcase name="When Enter city &quot;London&quot;" classname="Scenario: Display error on entering  an invalid city" time="0.001"/>
  <testcase name="And press Enter" classname="Scenario: Display error on entering  an invalid city" time="0"/>
  <testcase name="Then Error must be displayed" classname="Scenario: Display error on entering  an invalid city" time="0"/>
  <testcase name="Scenario: Display error on entering  an invalid city" classname="Scenario: Display error on entering  an invalid city" time="0"/>
  <testcase name="Given User navigates to weather forecast &quot;https://weather-acceptance.herokuapp.com/&quot;" classname="Scenario: Hours panel is open on selected date" time="0"/>
  <testcase name="When User clicks on  &quot;23&quot;" classname="Scenario: Hours panel is open on selected date" time="0"/>
  <testcase name="Then Hours panel of  &quot;23&quot; should be displayed" classname="Scenario: Hours panel is open on selected date" time="0"/>
  <testcase name="Scenario: Hours panel is open on selected date" classname="Scenario: Hours panel is open on selected date" time="0.001"/>
  <testcase name="Then Summary of all  hours is displayed of &quot;23&quot;" classname="Scenario: All 3 hours summary forecast is displayed for future dates" time="0"/>
  <testcase name="And Group by 3 hours" classname="Scenario: All 3 hours summary forecast is displayed for future dates" time="0"/>
  <testcase name="Scenario: All 3 hours summary forecast is displayed for future dates" classname="Scenario: All 3 hours summary forecast is displayed for future dates" time="0.005"/>
  <testcase name="When User clicks on  &quot;20&quot;" classname="Scenario: Past hours are not displayed" time="0"/>
  <testcase name="Then Summary of all passed hours is hidden" classname="Scenario: Past hours are not displayed" time="0"/>
  <testcase name="Scenario: Past hours are not displayed" classname="Scenario: Past hours are not displayed" time="0.001"/>
  <testcase name="When User clicks on  &quot;23&quot;" classname="Scenario: Hours panel should be closed when clicked on open date" time="0"/>
  <testcase name="Then Hours panel of  &quot;23&quot; should be displayed" classname="Scenario: Hours panel should be closed when clicked on open date" time="0"/>
  <testcase name="And Hours panel of &quot;20&quot; is closed" classname="Scenario: Hours panel should be closed when clicked on open date" time="0"/>
  <testcase name="Scenario: Hours panel should be closed when clicked on open date" classname="Scenario: Hours panel should be closed when clicked on open date" time="0"/>
  <testcase name="Given User navigates to weather forecast &quot;https://weather-acceptance.herokuapp.com/&quot;" classname="Scenario: Display current Or Dominant condition" time="0"/>
  <testcase name="When Enter city &quot;Edinburgh&quot;" classname="Scenario: Display current Or Dominant condition" time="0"/>
  <testcase name="And press Enter" classname="Scenario: Display current Or Dominant condition" time="0"/>
  <testcase name="And User clicks on  &quot;23&quot;" classname="Scenario: Display current Or Dominant condition" time="0"/>
  <testcase name="Then Max and min temperatures are displayed" classname="Scenario: Display current Or Dominant condition" time="0"/>
  <testcase name="And Windspeed and directions are displayed" classname="Scenario: Display current Or Dominant condition" time="0"/>
  <testcase name="And Total rainfall and Pressure are displayed" classname="Scenario: Display current Or Dominant condition" time="0"/>
  <testcase name="Scenario: Display current Or Dominant condition" classname="Scenario: Display current Or Dominant condition" time="0.001"/>
  <testcase name="Then All numeric values should be rounded down" classname="Scenario: Format of values" time="0"/>
  <testcase name="Scenario: Format of values" classname="Scenario: Format of values" time="0"/>
</testsuite>